2020-06-25 11:14:10.650 [main] DEBUG org.springframework.web.servlet.mvc.method.annotation.RequestMappingHandlerAdapter - ControllerAdvice beans: 0 @ModelAttribute, 0 @InitBinder, 1 RequestBodyAdvice, 1 ResponseBodyAdvice
2020-06-25 11:14:10.733 [main] DEBUG org.springframework.web.servlet.mvc.method.annotation.RequestMappingHandlerMapping - 2 mappings in 'requestMappingHandlerMapping'
2020-06-25 11:14:10.775 [main] DEBUG org.springframework.web.servlet.handler.SimpleUrlHandlerMapping - Patterns [/webjars/**, /**] in 'resourceHandlerMapping'
2020-06-25 11:14:10.789 [main] DEBUG org.springframework.web.servlet.mvc.method.annotation.ExceptionHandlerExceptionResolver - ControllerAdvice beans: 0 @ExceptionHandler, 1 ResponseBodyAdvice
2020-06-25 11:14:42.422 [main] DEBUG org.springframework.web.servlet.mvc.method.annotation.RequestMappingHandlerAdapter - ControllerAdvice beans: 0 @ModelAttribute, 0 @InitBinder, 1 RequestBodyAdvice, 1 ResponseBodyAdvice
2020-06-25 11:14:42.508 [main] DEBUG org.springframework.web.servlet.mvc.method.annotation.RequestMappingHandlerMapping - 2 mappings in 'requestMappingHandlerMapping'
2020-06-25 11:14:42.542 [main] DEBUG org.springframework.web.servlet.handler.SimpleUrlHandlerMapping - Patterns [/webjars/**, /**] in 'resourceHandlerMapping'
2020-06-25 11:14:42.555 [main] DEBUG org.springframework.web.servlet.mvc.method.annotation.ExceptionHandlerExceptionResolver - ControllerAdvice beans: 0 @ExceptionHandler, 1 ResponseBodyAdvice
2020-06-25 11:15:43.161 [http-nio-9000-exec-1] DEBUG org.springframework.web.servlet.DispatcherServlet - Detected StandardServletMultipartResolver
2020-06-25 11:15:43.170 [http-nio-9000-exec-1] DEBUG org.springframework.web.servlet.DispatcherServlet - enableLoggingRequestDetails='false': request parameters and headers will be masked to prevent unsafe logging of potentially sensitive data
2020-06-25 11:15:43.202 [http-nio-9000-exec-1] DEBUG org.springframework.web.servlet.DispatcherServlet - GET "/", parameters={}
2020-06-25 11:15:43.216 [http-nio-9000-exec-1] DEBUG org.springframework.web.servlet.handler.SimpleUrlHandlerMapping - Mapped to ResourceHttpRequestHandler ["classpath:/META-INF/resources/", "classpath:/resources/", "classpath:/static/", "classpath:/public/", "/"]
2020-06-25 11:15:43.221 [http-nio-9000-exec-1] DEBUG org.springframework.web.servlet.resource.ResourceHttpRequestHandler - Resource not found
2020-06-25 11:15:43.222 [http-nio-9000-exec-1] DEBUG org.springframework.web.servlet.DispatcherServlet - Completed 404 NOT_FOUND
2020-06-25 11:15:43.235 [http-nio-9000-exec-1] DEBUG org.springframework.web.servlet.DispatcherServlet - "ERROR" dispatch for GET "/error", parameters={}
2020-06-25 11:15:43.240 [http-nio-9000-exec-1] DEBUG org.springframework.web.servlet.mvc.method.annotation.RequestMappingHandlerMapping - Mapped to org.springframework.boot.autoconfigure.web.servlet.error.BasicErrorController#errorHtml(HttpServletRequest, HttpServletResponse)
2020-06-25 11:15:43.282 [http-nio-9000-exec-1] DEBUG org.springframework.web.servlet.view.ContentNegotiatingViewResolver - Selected 'text/html' given [text/html, text/html;q=0.8]
2020-06-25 11:15:43.290 [http-nio-9000-exec-1] DEBUG org.springframework.web.servlet.DispatcherServlet - Exiting from "ERROR" dispatch, status 404
2020-06-25 11:15:43.398 [http-nio-9000-exec-2] DEBUG org.springframework.web.servlet.DispatcherServlet - GET "/favicon.ico", parameters={}
2020-06-25 11:15:43.399 [http-nio-9000-exec-2] DEBUG org.springframework.web.servlet.handler.SimpleUrlHandlerMapping - Mapped to ResourceHttpRequestHandler ["classpath:/META-INF/resources/", "classpath:/resources/", "classpath:/static/", "classpath:/public/", "/"]
2020-06-25 11:15:43.402 [http-nio-9000-exec-2] DEBUG org.springframework.web.servlet.resource.ResourceHttpRequestHandler - Resource not found
2020-06-25 11:15:43.403 [http-nio-9000-exec-2] DEBUG org.springframework.web.servlet.DispatcherServlet - Completed 404 NOT_FOUND
2020-06-25 11:15:43.403 [http-nio-9000-exec-2] DEBUG org.springframework.web.servlet.DispatcherServlet - "ERROR" dispatch for GET "/error", parameters={}
2020-06-25 11:15:43.405 [http-nio-9000-exec-2] DEBUG org.springframework.web.servlet.mvc.method.annotation.RequestMappingHandlerMapping - Mapped to org.springframework.boot.autoconfigure.web.servlet.error.BasicErrorController#error(HttpServletRequest)
2020-06-25 11:15:43.470 [http-nio-9000-exec-2] DEBUG org.springframework.web.servlet.mvc.method.annotation.HttpEntityMethodProcessor - Using 'application/json;q=0.8', given [image/webp, image/apng, image/*, */*;q=0.8] and supported [application/json, application/*+json, application/json, application/*+json]
2020-06-25 11:15:43.471 [http-nio-9000-exec-2] DEBUG org.springframework.web.servlet.mvc.method.annotation.HttpEntityMethodProcessor - Writing [{timestamp=Thu Jun 25 11:15:43 CST 2020, status=404, error=Not Found, message=, path=/favicon.ico}]
2020-06-25 11:15:43.542 [http-nio-9000-exec-2] DEBUG org.springframework.web.servlet.DispatcherServlet - Exiting from "ERROR" dispatch, status 404
2020-06-25 11:16:08.515 [http-nio-9000-exec-4] DEBUG org.springframework.web.servlet.DispatcherServlet - GET "/info", parameters={}
2020-06-25 11:16:08.520 [http-nio-9000-exec-4] DEBUG org.springframework.web.servlet.handler.SimpleUrlHandlerMapping - Mapped to ResourceHttpRequestHandler ["classpath:/META-INF/resources/", "classpath:/resources/", "classpath:/static/", "classpath:/public/", "/"]
2020-06-25 11:16:08.527 [http-nio-9000-exec-4] DEBUG org.springframework.web.servlet.resource.ResourceHttpRequestHandler - Resource not found
2020-06-25 11:16:08.527 [http-nio-9000-exec-4] DEBUG org.springframework.web.servlet.DispatcherServlet - Completed 404 NOT_FOUND
2020-06-25 11:16:08.529 [http-nio-9000-exec-4] DEBUG org.springframework.web.servlet.DispatcherServlet - "ERROR" dispatch for GET "/error", parameters={}
2020-06-25 11:16:08.530 [http-nio-9000-exec-4] DEBUG org.springframework.web.servlet.mvc.method.annotation.RequestMappingHandlerMapping - Mapped to org.springframework.boot.autoconfigure.web.servlet.error.BasicErrorController#errorHtml(HttpServletRequest, HttpServletResponse)
2020-06-25 11:16:08.537 [http-nio-9000-exec-4] DEBUG org.springframework.web.servlet.view.ContentNegotiatingViewResolver - Selected 'text/html' given [text/html, text/html;q=0.8]
2020-06-25 11:16:08.537 [http-nio-9000-exec-4] DEBUG org.springframework.web.servlet.DispatcherServlet - Exiting from "ERROR" dispatch, status 404
2020-06-25 11:16:17.487 [http-nio-9000-exec-5] DEBUG org.springframework.web.servlet.DispatcherServlet - GET "/info", parameters={}
2020-06-25 11:16:17.488 [http-nio-9000-exec-5] DEBUG org.springframework.web.servlet.handler.SimpleUrlHandlerMapping - Mapped to ResourceHttpRequestHandler ["classpath:/META-INF/resources/", "classpath:/resources/", "classpath:/static/", "classpath:/public/", "/"]
2020-06-25 11:16:17.500 [http-nio-9000-exec-5] DEBUG org.springframework.web.servlet.resource.ResourceHttpRequestHandler - Resource not found
2020-06-25 11:16:17.501 [http-nio-9000-exec-5] DEBUG org.springframework.web.servlet.DispatcherServlet - Completed 404 NOT_FOUND
2020-06-25 11:16:17.503 [http-nio-9000-exec-5] DEBUG org.springframework.web.servlet.DispatcherServlet - "ERROR" dispatch for GET "/error", parameters={}
2020-06-25 11:16:17.504 [http-nio-9000-exec-5] DEBUG org.springframework.web.servlet.mvc.method.annotation.RequestMappingHandlerMapping - Mapped to org.springframework.boot.autoconfigure.web.servlet.error.BasicErrorController#errorHtml(HttpServletRequest, HttpServletResponse)
2020-06-25 11:16:17.506 [http-nio-9000-exec-5] DEBUG org.springframework.web.servlet.view.ContentNegotiatingViewResolver - Selected 'text/html' given [text/html, text/html;q=0.8]
2020-06-25 11:16:17.507 [http-nio-9000-exec-5] DEBUG org.springframework.web.servlet.DispatcherServlet - Exiting from "ERROR" dispatch, status 404
2020-06-25 11:17:30.158 [http-nio-9000-exec-8] DEBUG org.springframework.web.servlet.DispatcherServlet - GET "/info", parameters={}
2020-06-25 11:17:30.160 [http-nio-9000-exec-8] DEBUG org.springframework.web.servlet.handler.SimpleUrlHandlerMapping - Mapped to ResourceHttpRequestHandler ["classpath:/META-INF/resources/", "classpath:/resources/", "classpath:/static/", "classpath:/public/", "/"]
2020-06-25 11:17:30.165 [http-nio-9000-exec-8] DEBUG org.springframework.web.servlet.resource.ResourceHttpRequestHandler - Resource not found
2020-06-25 11:17:30.166 [http-nio-9000-exec-8] DEBUG org.springframework.web.servlet.DispatcherServlet - Completed 404 NOT_FOUND
2020-06-25 11:17:30.170 [http-nio-9000-exec-8] DEBUG org.springframework.web.servlet.DispatcherServlet - "ERROR" dispatch for GET "/error", parameters={}
2020-06-25 11:17:30.172 [http-nio-9000-exec-8] DEBUG org.springframework.web.servlet.mvc.method.annotation.RequestMappingHandlerMapping - Mapped to org.springframework.boot.autoconfigure.web.servlet.error.BasicErrorController#errorHtml(HttpServletRequest, HttpServletResponse)
2020-06-25 11:17:30.175 [http-nio-9000-exec-8] DEBUG org.springframework.web.servlet.view.ContentNegotiatingViewResolver - Selected 'text/html' given [text/html, text/html;q=0.8]
2020-06-25 11:17:30.176 [http-nio-9000-exec-8] DEBUG org.springframework.web.servlet.DispatcherServlet - Exiting from "ERROR" dispatch, status 404
2020-06-25 11:17:30.841 [http-nio-9000-exec-9] DEBUG org.springframework.web.servlet.DispatcherServlet - GET "/info", parameters={}
2020-06-25 11:17:30.842 [http-nio-9000-exec-9] DEBUG org.springframework.web.servlet.handler.SimpleUrlHandlerMapping - Mapped to ResourceHttpRequestHandler ["classpath:/META-INF/resources/", "classpath:/resources/", "classpath:/static/", "classpath:/public/", "/"]
2020-06-25 11:17:30.844 [http-nio-9000-exec-9] DEBUG org.springframework.web.servlet.resource.ResourceHttpRequestHandler - Resource not found
2020-06-25 11:17:30.844 [http-nio-9000-exec-9] DEBUG org.springframework.web.servlet.DispatcherServlet - Completed 404 NOT_FOUND
2020-06-25 11:17:30.845 [http-nio-9000-exec-9] DEBUG org.springframework.web.servlet.DispatcherServlet - "ERROR" dispatch for GET "/error", parameters={}
2020-06-25 11:17:30.846 [http-nio-9000-exec-9] DEBUG org.springframework.web.servlet.mvc.method.annotation.RequestMappingHandlerMapping - Mapped to org.springframework.boot.autoconfigure.web.servlet.error.BasicErrorController#errorHtml(HttpServletRequest, HttpServletResponse)
2020-06-25 11:17:30.850 [http-nio-9000-exec-9] DEBUG org.springframework.web.servlet.view.ContentNegotiatingViewResolver - Selected 'text/html' given [text/html, text/html;q=0.8]
2020-06-25 11:17:30.851 [http-nio-9000-exec-9] DEBUG org.springframework.web.servlet.DispatcherServlet - Exiting from "ERROR" dispatch, status 404
2020-06-25 11:17:31.187 [http-nio-9000-exec-10] DEBUG org.springframework.web.servlet.DispatcherServlet - GET "/info", parameters={}
2020-06-25 11:17:31.188 [http-nio-9000-exec-10] DEBUG org.springframework.web.servlet.handler.SimpleUrlHandlerMapping - Mapped to ResourceHttpRequestHandler ["classpath:/META-INF/resources/", "classpath:/resources/", "classpath:/static/", "classpath:/public/", "/"]
2020-06-25 11:17:31.189 [http-nio-9000-exec-10] DEBUG org.springframework.web.servlet.resource.ResourceHttpRequestHandler - Resource not found
2020-06-25 11:17:31.189 [http-nio-9000-exec-10] DEBUG org.springframework.web.servlet.DispatcherServlet - Completed 404 NOT_FOUND
2020-06-25 11:17:31.190 [http-nio-9000-exec-10] DEBUG org.springframework.web.servlet.DispatcherServlet - "ERROR" dispatch for GET "/error", parameters={}
2020-06-25 11:17:31.191 [http-nio-9000-exec-10] DEBUG org.springframework.web.servlet.mvc.method.annotation.RequestMappingHandlerMapping - Mapped to org.springframework.boot.autoconfigure.web.servlet.error.BasicErrorController#errorHtml(HttpServletRequest, HttpServletResponse)
2020-06-25 11:17:31.194 [http-nio-9000-exec-10] DEBUG org.springframework.web.servlet.view.ContentNegotiatingViewResolver - Selected 'text/html' given [text/html, text/html;q=0.8]
2020-06-25 11:17:31.194 [http-nio-9000-exec-10] DEBUG org.springframework.web.servlet.DispatcherServlet - Exiting from "ERROR" dispatch, status 404
2020-06-25 11:17:31.323 [http-nio-9000-exec-1] DEBUG org.springframework.web.servlet.DispatcherServlet - GET "/info", parameters={}
2020-06-25 11:17:31.324 [http-nio-9000-exec-1] DEBUG org.springframework.web.servlet.handler.SimpleUrlHandlerMapping - Mapped to ResourceHttpRequestHandler ["classpath:/META-INF/resources/", "classpath:/resources/", "classpath:/static/", "classpath:/public/", "/"]
2020-06-25 11:17:31.325 [http-nio-9000-exec-1] DEBUG org.springframework.web.servlet.resource.ResourceHttpRequestHandler - Resource not found
2020-06-25 11:17:31.325 [http-nio-9000-exec-1] DEBUG org.springframework.web.servlet.DispatcherServlet - Completed 404 NOT_FOUND
2020-06-25 11:17:31.326 [http-nio-9000-exec-1] DEBUG org.springframework.web.servlet.DispatcherServlet - "ERROR" dispatch for GET "/error", parameters={}
2020-06-25 11:17:31.327 [http-nio-9000-exec-1] DEBUG org.springframework.web.servlet.mvc.method.annotation.RequestMappingHandlerMapping - Mapped to org.springframework.boot.autoconfigure.web.servlet.error.BasicErrorController#errorHtml(HttpServletRequest, HttpServletResponse)
2020-06-25 11:17:31.330 [http-nio-9000-exec-1] DEBUG org.springframework.web.servlet.view.ContentNegotiatingViewResolver - Selected 'text/html' given [text/html, text/html;q=0.8]
2020-06-25 11:17:31.331 [http-nio-9000-exec-1] DEBUG org.springframework.web.servlet.DispatcherServlet - Exiting from "ERROR" dispatch, status 404
2020-06-25 11:17:31.455 [http-nio-9000-exec-2] DEBUG org.springframework.web.servlet.DispatcherServlet - GET "/info", parameters={}
2020-06-25 11:17:31.456 [http-nio-9000-exec-2] DEBUG org.springframework.web.servlet.handler.SimpleUrlHandlerMapping - Mapped to ResourceHttpRequestHandler ["classpath:/META-INF/resources/", "classpath:/resources/", "classpath:/static/", "classpath:/public/", "/"]
2020-06-25 11:17:31.458 [http-nio-9000-exec-2] DEBUG org.springframework.web.servlet.resource.ResourceHttpRequestHandler - Resource not found
2020-06-25 11:17:31.458 [http-nio-9000-exec-2] DEBUG org.springframework.web.servlet.DispatcherServlet - Completed 404 NOT_FOUND
2020-06-25 11:17:31.459 [http-nio-9000-exec-2] DEBUG org.springframework.web.servlet.DispatcherServlet - "ERROR" dispatch for GET "/error", parameters={}
2020-06-25 11:17:31.460 [http-nio-9000-exec-2] DEBUG org.springframework.web.servlet.mvc.method.annotation.RequestMappingHandlerMapping - Mapped to org.springframework.boot.autoconfigure.web.servlet.error.BasicErrorController#errorHtml(HttpServletRequest, HttpServletResponse)
2020-06-25 11:17:31.462 [http-nio-9000-exec-2] DEBUG org.springframework.web.servlet.view.ContentNegotiatingViewResolver - Selected 'text/html' given [text/html, text/html;q=0.8]
2020-06-25 11:17:31.462 [http-nio-9000-exec-2] DEBUG org.springframework.web.servlet.DispatcherServlet - Exiting from "ERROR" dispatch, status 404
2020-06-25 11:17:31.742 [http-nio-9000-exec-3] DEBUG org.springframework.web.servlet.DispatcherServlet - GET "/info", parameters={}
2020-06-25 11:17:31.743 [http-nio-9000-exec-3] DEBUG org.springframework.web.servlet.handler.SimpleUrlHandlerMapping - Mapped to ResourceHttpRequestHandler ["classpath:/META-INF/resources/", "classpath:/resources/", "classpath:/static/", "classpath:/public/", "/"]
2020-06-25 11:17:31.745 [http-nio-9000-exec-3] DEBUG org.springframework.web.servlet.resource.ResourceHttpRequestHandler - Resource not found
2020-06-25 11:17:31.745 [http-nio-9000-exec-3] DEBUG org.springframework.web.servlet.DispatcherServlet - Completed 404 NOT_FOUND
2020-06-25 11:17:31.746 [http-nio-9000-exec-3] DEBUG org.springframework.web.servlet.DispatcherServlet - "ERROR" dispatch for GET "/error", parameters={}
2020-06-25 11:17:31.747 [http-nio-9000-exec-3] DEBUG org.springframework.web.servlet.mvc.method.annotation.RequestMappingHandlerMapping - Mapped to org.springframework.boot.autoconfigure.web.servlet.error.BasicErrorController#errorHtml(HttpServletRequest, HttpServletResponse)
2020-06-25 11:17:31.750 [http-nio-9000-exec-3] DEBUG org.springframework.web.servlet.view.ContentNegotiatingViewResolver - Selected 'text/html' given [text/html, text/html;q=0.8]
2020-06-25 11:17:31.751 [http-nio-9000-exec-3] DEBUG org.springframework.web.servlet.DispatcherServlet - Exiting from "ERROR" dispatch, status 404
2020-06-25 11:17:47.397 [main] DEBUG org.springframework.web.servlet.mvc.method.annotation.RequestMappingHandlerAdapter - ControllerAdvice beans: 0 @ModelAttribute, 0 @InitBinder, 1 RequestBodyAdvice, 1 ResponseBodyAdvice
2020-06-25 11:18:40.964 [main] DEBUG org.springframework.web.servlet.mvc.method.annotation.RequestMappingHandlerAdapter - ControllerAdvice beans: 0 @ModelAttribute, 0 @InitBinder, 1 RequestBodyAdvice, 1 ResponseBodyAdvice
2020-06-25 11:18:41.029 [main] DEBUG org.springframework.web.servlet.mvc.method.annotation.RequestMappingHandlerMapping - 4 mappings in 'requestMappingHandlerMapping'
2020-06-25 11:18:41.061 [main] DEBUG org.springframework.web.servlet.handler.SimpleUrlHandlerMapping - Patterns [/webjars/**, /**] in 'resourceHandlerMapping'
2020-06-25 11:18:41.071 [main] DEBUG org.springframework.web.servlet.mvc.method.annotation.ExceptionHandlerExceptionResolver - ControllerAdvice beans: 0 @ExceptionHandler, 1 ResponseBodyAdvice
2020-06-25 11:18:45.367 [http-nio-9000-exec-1] DEBUG org.springframework.web.servlet.DispatcherServlet - Detected StandardServletMultipartResolver
2020-06-25 11:18:45.374 [http-nio-9000-exec-1] DEBUG org.springframework.web.servlet.DispatcherServlet - enableLoggingRequestDetails='false': request parameters and headers will be masked to prevent unsafe logging of potentially sensitive data
2020-06-25 11:18:45.388 [http-nio-9000-exec-1] DEBUG org.springframework.web.servlet.DispatcherServlet - GET "/info", parameters={}
2020-06-25 11:18:45.393 [http-nio-9000-exec-1] DEBUG org.springframework.web.servlet.mvc.method.annotation.RequestMappingHandlerMapping - Mapped to springboot.loger.controller.Index#info()
2020-06-25 11:18:45.434 [http-nio-9000-exec-1] DEBUG org.springframework.web.servlet.mvc.method.annotation.RequestResponseBodyMethodProcessor - Using 'text/html', given [text/html, application/xhtml+xml, image/webp, image/apng, application/signed-exchange;v=b3, application/xml;q=0.9, */*;q=0.8] and supported [text/plain, */*, text/plain, */*, application/json, application/*+json, application/json, application/*+json]
2020-06-25 11:18:45.434 [http-nio-9000-exec-1] DEBUG org.springframework.web.servlet.mvc.method.annotation.RequestResponseBodyMethodProcessor - Writing ["success"]
2020-06-25 11:18:45.448 [http-nio-9000-exec-1] DEBUG org.springframework.web.servlet.DispatcherServlet - Completed 200 OK
2020-06-25 11:18:54.644 [http-nio-9000-exec-2] DEBUG org.springframework.web.servlet.DispatcherServlet - GET "/info", parameters={}
2020-06-25 11:18:54.645 [http-nio-9000-exec-2] DEBUG org.springframework.web.servlet.mvc.method.annotation.RequestMappingHandlerMapping - Mapped to springboot.loger.controller.Index#info()
2020-06-25 11:18:54.648 [http-nio-9000-exec-2] DEBUG org.springframework.web.servlet.mvc.method.annotation.RequestResponseBodyMethodProcessor - Using 'text/html', given [text/html, application/xhtml+xml, image/webp, image/apng, application/signed-exchange;v=b3, application/xml;q=0.9, */*;q=0.8] and supported [text/plain, */*, text/plain, */*, application/json, application/*+json, application/json, application/*+json]
2020-06-25 11:18:54.648 [http-nio-9000-exec-2] DEBUG org.springframework.web.servlet.mvc.method.annotation.RequestResponseBodyMethodProcessor - Writing ["success"]
2020-06-25 11:18:54.651 [http-nio-9000-exec-2] DEBUG org.springframework.web.servlet.DispatcherServlet - Completed 200 OK
2020-06-25 11:19:23.163 [http-nio-9000-exec-4] DEBUG org.springframework.web.servlet.DispatcherServlet - GET "/error", parameters={}
2020-06-25 11:19:23.171 [http-nio-9000-exec-4] DEBUG org.springframework.web.servlet.mvc.method.annotation.RequestMappingHandlerMapping - Mapped to org.springframework.boot.autoconfigure.web.servlet.error.BasicErrorController#errorHtml(HttpServletRequest, HttpServletResponse)
2020-06-25 11:19:23.192 [http-nio-9000-exec-4] DEBUG org.springframework.web.servlet.view.ContentNegotiatingViewResolver - Selected 'text/html' given [text/html, text/html;q=0.8]
2020-06-25 11:19:23.199 [http-nio-9000-exec-4] DEBUG org.springframework.web.servlet.DispatcherServlet - Completed 500 INTERNAL_SERVER_ERROR
2020-06-25 11:19:26.588 [http-nio-9000-exec-5] DEBUG org.springframework.web.servlet.DispatcherServlet - GET "/err", parameters={}
2020-06-25 11:19:26.590 [http-nio-9000-exec-5] DEBUG org.springframework.web.servlet.mvc.method.annotation.RequestMappingHandlerMapping - Mapped to springboot.loger.controller.Index#error()
2020-06-25 11:19:26.594 [http-nio-9000-exec-5] DEBUG org.springframework.web.servlet.mvc.method.annotation.RequestResponseBodyMethodProcessor - Using 'text/html', given [text/html, application/xhtml+xml, image/webp, image/apng, application/signed-exchange;v=b3, application/xml;q=0.9, */*;q=0.8] and supported [text/plain, */*, text/plain, */*, application/json, application/*+json, application/json, application/*+json]
2020-06-25 11:19:26.594 [http-nio-9000-exec-5] DEBUG org.springframework.web.servlet.mvc.method.annotation.RequestResponseBodyMethodProcessor - Writing ["success"]
2020-06-25 11:19:26.597 [http-nio-9000-exec-5] DEBUG org.springframework.web.servlet.DispatcherServlet - Completed 200 OK
